This file contains any messages produced by compilers while
running configure, to aid debugging if configure makes a mistake.

It was created by configure, which was
generated by GNU Autoconf 2.69.  Invocation command line was

  $ ./configure 

## --------- ##
## Platform. ##
## --------- ##

hostname = telaar.localdomain
uname -m = x86_64
uname -r = 4.18.0-348.2.1.el8_5.x86_64
uname -s = Linux
uname -v = #1 SMP Mon Nov 8 13:30:15 EST 2021

/usr/bin/uname -p = x86_64
/bin/uname -X     = unknown

/bin/arch              = x86_64
/usr/bin/arch -k       = unknown
/usr/convex/getsysinfo = unknown
/usr/bin/hostinfo      = unknown
/bin/machine           = unknown
/usr/bin/oslevel       = unknown
/bin/universe          = unknown

PATH: /home/iago/packages/google-cloud-sdk/bin
PATH: /opt/bin
PATH: /home/iago/.local/bin
PATH: /home/iago/bin
PATH: /usr/share/Modules/bin
PATH: /usr/condabin
PATH: /usr/lib64/ccache
PATH: /usr/local/bin
PATH: /usr/local/sbin
PATH: /usr/bin
PATH: /usr/sbin
PATH: /home/iago/.dotnet/tools
PATH: /home/iago/go/bin
PATH: /home/iago/devel/esp/xtensa-lx106-elf/bin
PATH: /home/iago/Android/Sdk/platform-tools
PATH: /home/iago/go/bin
PATH: /home/iago/devel/esp/xtensa-lx106-elf/bin
PATH: /home/iago/Android/Sdk/platform-tools


## ----------- ##
## Core tests. ##
## ----------- ##

configure:2237: checking for a BSD-compatible install
configure:2305: result: /usr/bin/install -c
configure:2316: checking whether build environment is sane
configure:2371: result: yes
configure:2409: WARNING: 'missing' script is too old or missing
configure:2522: checking for a thread-safe mkdir -p
configure:2561: result: /usr/bin/mkdir -p
configure:2568: checking for gawk
configure:2584: found /usr/bin/gawk
configure:2595: result: gawk
configure:2606: checking whether make sets $(MAKE)
configure:2628: result: yes
configure:2657: checking whether make supports nested variables
configure:2674: result: yes
configure:2804: checking whether to enable maintainer-specific portions of Makefiles
configure:2813: result: no
configure:2831: checking whether make supports the include directive
configure:2846: make -f confmf.GNU && cat confinc.out
this is the am__doit target
configure:2849: $? = 0
configure:2868: result: yes (GNU style)
configure:2938: checking for gcc
configure:2954: found /usr/lib64/ccache/gcc
configure:2965: result: gcc
configure:3194: checking for C compiler version
configure:3203: gcc --version >&5
gcc (GCC) 8.5.0 20210514 (Red Hat 8.5.0-4)
Copyright (C) 2018 Free Software Foundation, Inc.
This is free software; see the source for copying conditions.  There is NO
warranty; not even for MERCHANTABILITY or FITNESS FOR A PARTICULAR PURPOSE.

configure:3214: $? = 0
configure:3203: gcc -v >&5
Using built-in specs.
COLLECT_GCC=/usr/bin/gcc
COLLECT_LTO_WRAPPER=/usr/libexec/gcc/x86_64-redhat-linux/8/lto-wrapper
OFFLOAD_TARGET_NAMES=nvptx-none
OFFLOAD_TARGET_DEFAULT=1
Target: x86_64-redhat-linux
Configured with: ../configure --enable-bootstrap --enable-languages=c,c++,fortran,lto --prefix=/usr --mandir=/usr/share/man --infodir=/usr/share/info --with-bugurl=http://bugzilla.redhat.com/bugzilla --enable-shared --enable-threads=posix --enable-checking=release --enable-multilib --with-system-zlib --enable-__cxa_atexit --disable-libunwind-exceptions --enable-gnu-unique-object --enable-linker-build-id --with-gcc-major-version-only --with-linker-hash-style=gnu --enable-plugin --enable-initfini-array --with-isl --disable-libmpx --enable-offload-targets=nvptx-none --without-cuda-driver --enable-gnu-indirect-function --enable-cet --with-tune=generic --with-arch_32=x86-64 --build=x86_64-redhat-linux
Thread model: posix
gcc version 8.5.0 20210514 (Red Hat 8.5.0-4) (GCC) 
configure:3214: $? = 0
configure:3203: gcc -V >&5
gcc: error: unrecognized command line option '-V'
gcc: fatal error: no input files
compilation terminated.
configure:3214: $? = 1
configure:3203: gcc -qversion >&5
gcc: error: unrecognized command line option '-qversion'; did you mean '--version'?
gcc: fatal error: no input files
compilation terminated.
configure:3214: $? = 1
configure:3234: checking whether the C compiler works
configure:3256: gcc    conftest.c  >&5
configure:3260: $? = 0
configure:3308: result: yes
configure:3311: checking for C compiler default output file name
configure:3313: result: a.out
configure:3319: checking for suffix of executables
configure:3326: gcc -o conftest    conftest.c  >&5
configure:3330: $? = 0
configure:3352: result: 
configure:3374: checking whether we are cross compiling
configure:3382: gcc -o conftest    conftest.c  >&5
configure:3386: $? = 0
configure:3393: ./conftest
configure:3397: $? = 0
configure:3412: result: no
configure:3417: checking for suffix of object files
configure:3439: gcc -c   conftest.c >&5
configure:3443: $? = 0
configure:3464: result: o
configure:3468: checking whether we are using the GNU C compiler
configure:3487: gcc -c   conftest.c >&5
configure:3487: $? = 0
configure:3496: result: yes
configure:3505: checking whether gcc accepts -g
configure:3525: gcc -c -g  conftest.c >&5
configure:3525: $? = 0
configure:3566: result: yes
configure:3583: checking for gcc option to accept ISO C89
configure:3646: gcc  -c -g -O2  conftest.c >&5
configure:3646: $? = 0
configure:3659: result: none needed
configure:3684: checking whether gcc understands -c and -o together
configure:3706: gcc -c conftest.c -o conftest2.o
configure:3709: $? = 0
configure:3706: gcc -c conftest.c -o conftest2.o
configure:3709: $? = 0
configure:3721: result: yes
configure:3740: checking dependency style of gcc
configure:3851: result: gcc3
configure:3867: checking for library containing strerror
configure:3898: gcc -o conftest -g -O2   conftest.c  >&5
configure:3898: $? = 0
configure:3915: result: none required
configure:3971: checking for gcc
configure:3998: result: gcc
configure:4227: checking for C compiler version
configure:4236: gcc --version >&5
gcc (GCC) 8.5.0 20210514 (Red Hat 8.5.0-4)
Copyright (C) 2018 Free Software Foundation, Inc.
This is free software; see the source for copying conditions.  There is NO
warranty; not even for MERCHANTABILITY or FITNESS FOR A PARTICULAR PURPOSE.

configure:4247: $? = 0
configure:4236: gcc -v >&5
Using built-in specs.
COLLECT_GCC=/usr/bin/gcc
COLLECT_LTO_WRAPPER=/usr/libexec/gcc/x86_64-redhat-linux/8/lto-wrapper
OFFLOAD_TARGET_NAMES=nvptx-none
OFFLOAD_TARGET_DEFAULT=1
Target: x86_64-redhat-linux
Configured with: ../configure --enable-bootstrap --enable-languages=c,c++,fortran,lto --prefix=/usr --mandir=/usr/share/man --infodir=/usr/share/info --with-bugurl=http://bugzilla.redhat.com/bugzilla --enable-shared --enable-threads=posix --enable-checking=release --enable-multilib --with-system-zlib --enable-__cxa_atexit --disable-libunwind-exceptions --enable-gnu-unique-object --enable-linker-build-id --with-gcc-major-version-only --with-linker-hash-style=gnu --enable-plugin --enable-initfini-array --with-isl --disable-libmpx --enable-offload-targets=nvptx-none --without-cuda-driver --enable-gnu-indirect-function --enable-cet --with-tune=generic --with-arch_32=x86-64 --build=x86_64-redhat-linux
Thread model: posix
gcc version 8.5.0 20210514 (Red Hat 8.5.0-4) (GCC) 
configure:4247: $? = 0
configure:4236: gcc -V >&5
gcc: error: unrecognized command line option '-V'
gcc: fatal error: no input files
compilation terminated.
configure:4247: $? = 1
configure:4236: gcc -qversion >&5
gcc: error: unrecognized command line option '-qversion'; did you mean '--version'?
gcc: fatal error: no input files
compilation terminated.
configure:4247: $? = 1
configure:4251: checking whether we are using the GNU C compiler
configure:4279: result: yes
configure:4288: checking whether gcc accepts -g
configure:4349: result: yes
configure:4366: checking for gcc option to accept ISO C89
configure:4442: result: none needed
configure:4467: checking whether gcc understands -c and -o together
configure:4504: result: yes
configure:4523: checking dependency style of gcc
configure:4634: result: gcc3
configure:4697: checking for gcc
configure:4724: result: gcc
configure:4953: checking for C compiler version
configure:4962: gcc --version >&5
gcc (GCC) 8.5.0 20210514 (Red Hat 8.5.0-4)
Copyright (C) 2018 Free Software Foundation, Inc.
This is free software; see the source for copying conditions.  There is NO
warranty; not even for MERCHANTABILITY or FITNESS FOR A PARTICULAR PURPOSE.

configure:4973: $? = 0
configure:4962: gcc -v >&5
Using built-in specs.
COLLECT_GCC=/usr/bin/gcc
COLLECT_LTO_WRAPPER=/usr/libexec/gcc/x86_64-redhat-linux/8/lto-wrapper
OFFLOAD_TARGET_NAMES=nvptx-none
OFFLOAD_TARGET_DEFAULT=1
Target: x86_64-redhat-linux
Configured with: ../configure --enable-bootstrap --enable-languages=c,c++,fortran,lto --prefix=/usr --mandir=/usr/share/man --infodir=/usr/share/info --with-bugurl=http://bugzilla.redhat.com/bugzilla --enable-shared --enable-threads=posix --enable-checking=release --enable-multilib --with-system-zlib --enable-__cxa_atexit --disable-libunwind-exceptions --enable-gnu-unique-object --enable-linker-build-id --with-gcc-major-version-only --with-linker-hash-style=gnu --enable-plugin --enable-initfini-array --with-isl --disable-libmpx --enable-offload-targets=nvptx-none --without-cuda-driver --enable-gnu-indirect-function --enable-cet --with-tune=generic --with-arch_32=x86-64 --build=x86_64-redhat-linux
Thread model: posix
gcc version 8.5.0 20210514 (Red Hat 8.5.0-4) (GCC) 
configure:4973: $? = 0
configure:4962: gcc -V >&5
gcc: error: unrecognized command line option '-V'
gcc: fatal error: no input files
compilation terminated.
configure:4973: $? = 1
configure:4962: gcc -qversion >&5
gcc: error: unrecognized command line option '-qversion'; did you mean '--version'?
gcc: fatal error: no input files
compilation terminated.
configure:4973: $? = 1
configure:4977: checking whether we are using the GNU C compiler
configure:5005: result: yes
configure:5014: checking whether gcc accepts -g
configure:5075: result: yes
configure:5092: checking for gcc option to accept ISO C89
configure:5168: result: none needed
configure:5193: checking whether gcc understands -c and -o together
configure:5230: result: yes
configure:5249: checking dependency style of gcc
configure:5360: result: gcc3
configure:5382: checking how to run the C preprocessor
configure:5413: gcc -E  conftest.c
configure:5413: $? = 0
configure:5427: gcc -E  conftest.c
conftest.c:11:10: fatal error: ac_nonexistent.h: No such file or directory
 #include <ac_nonexistent.h>
          ^~~~~~~~~~~~~~~~~~
compilation terminated.
configure:5427: $? = 1
configure: failed program was:
| /* confdefs.h */
| #define PACKAGE_NAME ""
| #define PACKAGE_TARNAME ""
| #define PACKAGE_VERSION ""
| #define PACKAGE_STRING ""
| #define PACKAGE_BUGREPORT ""
| #define PACKAGE_URL ""
| #define PACKAGE "cssed-filebrowser-plugin"
| #define VERSION "0.2.2"
| /* end confdefs.h.  */
| #include <ac_nonexistent.h>
configure:5452: result: gcc -E
configure:5472: gcc -E  conftest.c
configure:5472: $? = 0
configure:5486: gcc -E  conftest.c
conftest.c:11:10: fatal error: ac_nonexistent.h: No such file or directory
 #include <ac_nonexistent.h>
          ^~~~~~~~~~~~~~~~~~
compilation terminated.
configure:5486: $? = 1
configure: failed program was:
| /* confdefs.h */
| #define PACKAGE_NAME ""
| #define PACKAGE_TARNAME ""
| #define PACKAGE_VERSION ""
| #define PACKAGE_STRING ""
| #define PACKAGE_BUGREPORT ""
| #define PACKAGE_URL ""
| #define PACKAGE "cssed-filebrowser-plugin"
| #define VERSION "0.2.2"
| /* end confdefs.h.  */
| #include <ac_nonexistent.h>
configure:5515: checking for grep that handles long lines and -e
configure:5573: result: /usr/bin/grep
configure:5578: checking for egrep
configure:5640: result: /usr/bin/grep -E
configure:5645: checking for ANSI C header files
configure:5665: gcc -c -g -O2  conftest.c >&5
configure:5665: $? = 0
configure:5738: gcc -o conftest -g -O2   conftest.c  >&5
configure:5738: $? = 0
configure:5738: ./conftest
configure:5738: $? = 0
configure:5749: result: yes
configure:5761: checking build system type
configure:5775: result: x86_64-redhat-linux-gnu
configure:5795: checking host system type
configure:5808: result: x86_64-redhat-linux-gnu
configure:5847: checking if prefix is set 
configure:5857: checking if cssed headers are installed in /usr/include/cssed 
configure:5921: checking for pkg-config
configure:5939: found /usr/bin/pkg-config
configure:5951: result: /usr/bin/pkg-config
configure:5976: checking pkg-config is at least version 0.9.0
configure:5979: result: yes
configure:5989: checking for PACKAGE
configure:5996: $PKG_CONFIG --exists --print-errors "$pkg_modules"
Package cssed was not found in the pkg-config search path.
Perhaps you should add the directory containing `cssed.pc'
to the PKG_CONFIG_PATH environment variable
Package 'cssed', required by 'virtual:world', not found
configure:5999: $? = 1
configure:6013: $PKG_CONFIG --exists --print-errors "$pkg_modules"
Package cssed was not found in the pkg-config search path.
Perhaps you should add the directory containing `cssed.pc'
to the PKG_CONFIG_PATH environment variable
Package 'cssed', required by 'virtual:world', not found
configure:6016: $? = 1
configure:6030: result: no
Package 'cssed', required by 'virtual:world', not found
configure:6046: error: Package requirements (cssed >= 0.4.0 gtk+-2.0 >= 2.2.0 glib-2.0 >= 2.0 gmodule-2.0 >= 2.0) were not met:

Package 'cssed', required by 'virtual:world', not found

Consider adjusting the PKG_CONFIG_PATH environment variable if you
installed software in a non-standard prefix.

Alternatively, you may set the environment variables PACKAGE_CFLAGS
and PACKAGE_LIBS to avoid the need to call pkg-config.
See the pkg-config man page for more details.

## ---------------- ##
## Cache variables. ##
## ---------------- ##

ac_cv_build=x86_64-redhat-linux-gnu
ac_cv_c_compiler_gnu=yes
ac_cv_env_CC_set=
ac_cv_env_CC_value=
ac_cv_env_CFLAGS_set=
ac_cv_env_CFLAGS_value=
ac_cv_env_CPPFLAGS_set=
ac_cv_env_CPPFLAGS_value=
ac_cv_env_CPP_set=
ac_cv_env_CPP_value=
ac_cv_env_LDFLAGS_set=
ac_cv_env_LDFLAGS_value=
ac_cv_env_LIBS_set=
ac_cv_env_LIBS_value=
ac_cv_env_PACKAGE_CFLAGS_set=
ac_cv_env_PACKAGE_CFLAGS_value=
ac_cv_env_PACKAGE_LIBS_set=
ac_cv_env_PACKAGE_LIBS_value=
ac_cv_env_PKG_CONFIG_LIBDIR_set=
ac_cv_env_PKG_CONFIG_LIBDIR_value=
ac_cv_env_PKG_CONFIG_PATH_set=
ac_cv_env_PKG_CONFIG_PATH_value=
ac_cv_env_PKG_CONFIG_set=
ac_cv_env_PKG_CONFIG_value=
ac_cv_env_build_alias_set=
ac_cv_env_build_alias_value=
ac_cv_env_host_alias_set=
ac_cv_env_host_alias_value=
ac_cv_env_target_alias_set=
ac_cv_env_target_alias_value=
ac_cv_header_stdc=yes
ac_cv_host=x86_64-redhat-linux-gnu
ac_cv_objext=o
ac_cv_path_EGREP='/usr/bin/grep -E'
ac_cv_path_GREP=/usr/bin/grep
ac_cv_path_ac_pt_PKG_CONFIG=/usr/bin/pkg-config
ac_cv_path_install='/usr/bin/install -c'
ac_cv_path_mkdir=/usr/bin/mkdir
ac_cv_prog_AWK=gawk
ac_cv_prog_CPP='gcc -E'
ac_cv_prog_ac_ct_CC=gcc
ac_cv_prog_cc_c89=
ac_cv_prog_cc_g=yes
ac_cv_prog_make_make_set=yes
ac_cv_search_strerror='none required'
am_cv_CC_dependencies_compiler_type=gcc3
am_cv_make_support_nested_variables=yes
am_cv_prog_cc_c_o=yes
am_cv_prog_cc_stdc=

## ----------------- ##
## Output variables. ##
## ----------------- ##

ACLOCAL='aclocal-1.16'
AMDEPBACKSLASH='\'
AMDEP_FALSE='#'
AMDEP_TRUE=''
AMTAR='$${TAR-tar}'
AM_BACKSLASH='\'
AM_DEFAULT_V='$(AM_DEFAULT_VERBOSITY)'
AM_DEFAULT_VERBOSITY='1'
AM_V='$(V)'
AUTOCONF='autoconf'
AUTOHEADER='autoheader'
AUTOMAKE='automake-1.16'
AWK='gawk'
CATALOGS=''
CATOBJEXT=''
CC='gcc'
CCDEPMODE='depmode=gcc3'
CFLAGS='-g -O2'
CPP='gcc -E'
CPPFLAGS=''
CYGPATH_W='echo'
DATADIRNAME=''
DEFS=''
DEPDIR='.deps'
ECHO_C=''
ECHO_N='-n'
ECHO_T=''
EGREP='/usr/bin/grep -E'
EXEEXT=''
GETTEXT_PACKAGE=''
GMOFILES=''
GMSGFMT=''
GREP='/usr/bin/grep'
INSTALL_DATA='${INSTALL} -m 644'
INSTALL_PROGRAM='${INSTALL}'
INSTALL_SCRIPT='${INSTALL}'
INSTALL_STRIP_PROGRAM='$(install_sh) -c -s'
INSTOBJEXT=''
INTLLIBS=''
INTL_MACOSX_LIBS=''
ISDARWIN_FALSE=''
ISDARWIN_TRUE='#'
LDFLAGS=''
LIBOBJS=''
LIBS=''
LTLIBOBJS=''
MAINT='#'
MAINTAINER_MODE_FALSE=''
MAINTAINER_MODE_TRUE='#'
MAKEINFO='makeinfo'
MKDIR_P='/usr/bin/mkdir -p'
MKINSTALLDIRS=''
MSGFMT=''
MSGFMT_OPTS=''
OBJEXT='o'
PACKAGE='cssed-filebrowser-plugin'
PACKAGE_BUGREPORT=''
PACKAGE_CFLAGS=''
PACKAGE_LIBS=''
PACKAGE_NAME=''
PACKAGE_STRING=''
PACKAGE_TARNAME=''
PACKAGE_URL=''
PACKAGE_VERSION=''
PATH_SEPARATOR=':'
PKG_CONFIG='/usr/bin/pkg-config'
PKG_CONFIG_LIBDIR=''
PKG_CONFIG_PATH=''
POFILES=''
POSUB=''
PO_IN_DATADIR_FALSE=''
PO_IN_DATADIR_TRUE=''
SET_MAKE=''
SHELL='/bin/sh'
STRIP=''
USE_NLS=''
VERSION='0.2.2'
XGETTEXT=''
ac_ct_CC='gcc'
am__EXEEXT_FALSE=''
am__EXEEXT_TRUE=''
am__fastdepCC_FALSE='#'
am__fastdepCC_TRUE=''
am__include='include'
am__isrc=''
am__leading_dot='.'
am__nodep='_no'
am__quote=''
am__tar='$${TAR-tar} chof - "$$tardir"'
am__untar='$${TAR-tar} xf -'
bindir='${exec_prefix}/bin'
build='x86_64-redhat-linux-gnu'
build_alias=''
build_cpu='x86_64'
build_os='linux-gnu'
build_vendor='redhat'
datadir='${datarootdir}'
datarootdir='${prefix}/share'
docdir='${datarootdir}/doc/${PACKAGE}'
dvidir='${docdir}'
exec_prefix='NONE'
host='x86_64-redhat-linux-gnu'
host_alias=''
host_cpu='x86_64'
host_os='linux-gnu'
host_vendor='redhat'
htmldir='${docdir}'
includedir='${prefix}/include'
infodir='${datarootdir}/info'
install_sh='${SHELL} /home/iago/files/projects/sf/cssed/filebrowser-plugin/install-sh'
libdir='${exec_prefix}/lib'
libexecdir='${exec_prefix}/libexec'
localedir='${datarootdir}/locale'
localstatedir='${prefix}/var'
mandir='${datarootdir}/man'
mkdir_p='$(MKDIR_P)'
oldincludedir='/usr/include'
pdfdir='${docdir}'
prefix='/usr'
program_transform_name='s,x,x,'
psdir='${docdir}'
sbindir='${exec_prefix}/sbin'
sharedstatedir='${prefix}/com'
sysconfdir='${prefix}/etc'
target_alias=''

## ----------- ##
## confdefs.h. ##
## ----------- ##

/* confdefs.h */
#define PACKAGE_NAME ""
#define PACKAGE_TARNAME ""
#define PACKAGE_VERSION ""
#define PACKAGE_STRING ""
#define PACKAGE_BUGREPORT ""
#define PACKAGE_URL ""
#define PACKAGE "cssed-filebrowser-plugin"
#define VERSION "0.2.2"
#define STDC_HEADERS 1

configure: exit 1
